access_token.py started at Sun Jan 26 22:00:02 UTC 2025
access_token.py ended at Sun Jan 26 22:00:02 UTC 2025
script.py started at Sun Jan 26 23:00:01 UTC 2025
access_token.py started at Mon Jan 27 22:00:02 UTC 2025
access_token.py ended at Mon Jan 27 22:00:02 UTC 2025
script.py started at Mon Jan 27 23:00:02 UTC 2025
script.py ended at Mon Jan 27 23:00:04 UTC 2025
access_token.py started at Tue Jan 28 10:00:01 UTC 2025
access_token.py ended at Tue Jan 28 10:00:02 UTC 2025
script.py started at Tue Jan 28 11:00:01 UTC 2025
access_token.py started at Tue Feb  4 10:00:01 UTC 2025
access_token.py ended at Tue Feb  4 10:00:01 UTC 2025
script.py started at Tue Feb  4 11:00:02 UTC 2025
script.py ended at Tue Feb  4 11:00:03 UTC 2025
access_token.py started at Wed Feb  5 10:00:01 UTC 2025
access_token.py ended at Wed Feb  5 10:00:02 UTC 2025
script.py started at Wed Feb  5 11:00:01 UTC 2025
script.py ended at Wed Feb  5 11:01:38 UTC 2025
access_token.py started at Thu Feb  6 10:00:01 UTC 2025
access_token.py ended at Thu Feb  6 10:00:01 UTC 2025
script.py started at Thu Feb  6 11:00:01 UTC 2025
script.py ended at Thu Feb  6 11:22:11 UTC 2025
